0 info it worked if it ends with ok
1 verbose cli [ '/Users/bravomartin/.nvm/versions/node/v6.9.1/bin/node',
1 verbose cli   '/Users/bravomartin/.nvm/versions/node/v6.9.1/bin/npm',
1 verbose cli   'start' ]
2 info using npm@3.10.8
3 info using node@v6.9.1
4 verbose run-script [ 'prestart', 'start', 'poststart' ]
5 info lifecycle artefact@0.0.0~prestart: artefact@0.0.0
6 silly lifecycle artefact@0.0.0~prestart: no script for prestart, continuing
7 info lifecycle artefact@0.0.0~start: artefact@0.0.0
8 verbose lifecycle artefact@0.0.0~start: unsafe-perm in lifecycle true
9 verbose lifecycle artefact@0.0.0~start: PATH: /Users/bravomartin/.nvm/versions/node/v6.9.1/lib/node_modules/npm/bin/node-gyp-bin:/Users/bravomartin/WORK/Artefact/Artefact2/node_modules/.bin:/usr/local/heroku/bin:/Users/bravomartin/.nvm/versions/node/v6.9.1/bin:/usr/local/var/rbenv/shims:/Users/bravomartin/.rvm/gems/ruby-2.2.2/bin:/Users/bravomartin/.rvm/gems/ruby-2.2.2@global/bin:/Users/bravomartin/.rvm/rubies/ruby-2.2.2/bin:/usr/local/Cellar/php56/5.6.30_6/bin:/Users/bravomartin/.dotfiles:/usr/local/bin:/usr/local/sbin:/usr/local/bin:/usr/bin:/bin:/usr/sbin:/sbin:/opt/X11/bin:/usr/local/go/bin:~/bin:/usr/local/opt/go/libexec/bin:/Users/bravomartin/WORK/gocode/bin:/Users/bravomartin/.rvm/bin:/Users/bravomartin/.rvm/bin:/Applications/Postgres.app/Contents/Versions/9.4/bin:node_modules/.bin:~/.composer/vendor/bin
10 verbose lifecycle artefact@0.0.0~start: CWD: /Users/bravomartin/WORK/Artefact/Artefact2
11 silly lifecycle artefact@0.0.0~start: Args: [ '-c',
11 silly lifecycle   'node-sass app/styles/main.scss -rw app/ -o dist/ & node devserver.js' ]
12 silly lifecycle artefact@0.0.0~start: Returned: code: 1  signal: null
13 info lifecycle artefact@0.0.0~start: Failed to exec start script
14 verbose stack Error: artefact@0.0.0 start: `node-sass app/styles/main.scss -rw app/ -o dist/ & node devserver.js`
14 verbose stack Exit status 1
14 verbose stack     at EventEmitter.<anonymous> (/Users/bravomartin/.nvm/versions/node/v6.9.1/lib/node_modules/npm/lib/utils/lifecycle.js:255:16)
14 verbose stack     at emitTwo (events.js:106:13)
14 verbose stack     at EventEmitter.emit (events.js:191:7)
14 verbose stack     at ChildProcess.<anonymous> (/Users/bravomartin/.nvm/versions/node/v6.9.1/lib/node_modules/npm/lib/utils/spawn.js:40:14)
14 verbose stack     at emitTwo (events.js:106:13)
14 verbose stack     at ChildProcess.emit (events.js:191:7)
14 verbose stack     at maybeClose (internal/child_process.js:877:16)
14 verbose stack     at Process.ChildProcess._handle.onexit (internal/child_process.js:226:5)
15 verbose pkgid artefact@0.0.0
16 verbose cwd /Users/bravomartin/WORK/Artefact/Artefact2
17 error Darwin 16.4.0
18 error argv "/Users/bravomartin/.nvm/versions/node/v6.9.1/bin/node" "/Users/bravomartin/.nvm/versions/node/v6.9.1/bin/npm" "start"
19 error node v6.9.1
20 error npm  v3.10.8
21 error code ELIFECYCLE
22 error artefact@0.0.0 start: `node-sass app/styles/main.scss -rw app/ -o dist/ & node devserver.js`
22 error Exit status 1
23 error Failed at the artefact@0.0.0 start script 'node-sass app/styles/main.scss -rw app/ -o dist/ & node devserver.js'.
23 error Make sure you have the latest version of node.js and npm installed.
23 error If you do, this is most likely a problem with the artefact package,
23 error not with npm itself.
23 error Tell the author that this fails on your system:
23 error     node-sass app/styles/main.scss -rw app/ -o dist/ & node devserver.js
23 error You can get information on how to open an issue for this project with:
23 error     npm bugs artefact
23 error Or if that isn't available, you can get their info via:
23 error     npm owner ls artefact
23 error There is likely additional logging output above.
24 verbose exit [ 1, true ]
